<?xml version="1.0" encoding="UTF-8"?>
<testng-results skipped="0" failed="0" ignored="0" total="1" passed="1">
  <reporter-output>
  </reporter-output>
  <suite name="Default suite" duration-ms="1851" started-at="2020-02-07T15:39:49Z" finished-at="2020-02-07T15:39:50Z">
    <groups>
    </groups>
    <test name="Default test" duration-ms="1851" started-at="2020-02-07T15:39:49Z" finished-at="2020-02-07T15:39:50Z">
      <class name="testngprojects.testngproject.TestngFacebook">
        <test-method status="PASS" signature="setUp()[pri:0, instance:testngprojects.testngproject.TestngFacebook@1810399e]" name="setUp" duration-ms="102" started-at="2020-02-07T15:39:50Z" finished-at="2020-02-07T15:39:50Z">
          <reporter-output>
          </reporter-output>
        </test-method> <!-- setUp -->
      </class> <!-- testngprojects.testngproject.TestngFacebook -->
    </test> <!-- Default test -->
  </suite> <!-- Default suite -->
</testng-results>
